[INFO] (2024/06/10 05:13:57 PM) [WELCOME] Initialize...
[INFO] (2024/06/10 05:13:57 PM) 
       _______ _______ ______  |       _____ \   /
       |______ |______ |     \ |      |_____  \ /
       |       |_______|_____/ |_____ |_____  / \ 
       |                                     /   \ 

                    Christian Interno´
       
[INFO] (2024/06/10 05:14:03 PM) [SEED] ...seed is set: 1718032437!
[INFO] (2024/06/10 05:14:03 PM) [LOAD] Fetch dataset!
[INFO] (2024/06/10 05:14:03 PM) [LOAD] [MNIST] Fetching dataset!
[INFO] (2024/06/10 05:14:03 PM) [LOAD] [MNIST] ...fetched dataset!
[INFO] (2024/06/10 05:14:03 PM) [LOAD] ...successfully fetched dataset!
[INFO] (2024/06/10 05:14:03 PM) [SIMULATE] Simulate dataset split (split scenario: `PATHO`)!
[INFO] (2024/06/10 05:14:03 PM) [SIMULATE] ...assigning to clients... 100% |████████████████████| [10    /10]
[INFO] (2024/06/10 05:14:05 PM) [SIMULATE] ...done simulating dataset split (split scenario: `PATHO`)!
[INFO] (2024/06/10 05:14:05 PM) [SIMULATE] Create client datasets!
[INFO] (2024/06/10 05:14:05 PM) [SIMULATE] ...creating client datasets... 100% |████████████████████| [10    /10]
[INFO] (2024/06/10 05:14:05 PM) [SIMULATE] ...successfully created client datasets!
[INFO] (2024/06/10 05:14:08 PM) [CONFIG] List up configurations...
[INFO] (2024/06/10 05:14:08 PM) [CONFIG] - EXP_NAME: _fedlex_1718032437_mnist_twonn_240610_171357
[INFO] (2024/06/10 05:14:08 PM) [CONFIG] - SEED: 1718032437
[INFO] (2024/06/10 05:14:08 PM) [CONFIG] - DEVICE: cuda
[INFO] (2024/06/10 05:14:08 PM) [CONFIG] - DEVICE_IDS: []
[INFO] (2024/06/10 05:14:08 PM) [CONFIG] - DATA_PATH: ./data
[INFO] (2024/06/10 05:14:08 PM) [CONFIG] - LOG_PATH: ./log
[INFO] (2024/06/10 05:14:08 PM) [CONFIG] - RESULT_PATH: ./result_paper/10K/Patho/MNIST/TwoNN/fedlex/_fedlex_1718032437_mnist_twonn_240610_171357
[INFO] (2024/06/10 05:14:08 PM) [CONFIG] - USE_TB: False
[INFO] (2024/06/10 05:14:08 PM) [CONFIG] - TB_PORT: 6006
[INFO] (2024/06/10 05:14:08 PM) [CONFIG] - TB_HOST: 0.0.0.0
[INFO] (2024/06/10 05:14:08 PM) [CONFIG] - DATASET: MNIST
[INFO] (2024/06/10 05:14:08 PM) [CONFIG] - TEST_FRACTION: 0.2
[INFO] (2024/06/10 05:14:08 PM) [CONFIG] - RAWSMPL: 1.0
[INFO] (2024/06/10 05:14:08 PM) [CONFIG] - RESIZE: 24
[INFO] (2024/06/10 05:14:08 PM) [CONFIG] - IMNORM: False
[INFO] (2024/06/10 05:14:08 PM) [CONFIG] - RANDROT: None
[INFO] (2024/06/10 05:14:08 PM) [CONFIG] - RANDHF: 0.5
[INFO] (2024/06/10 05:14:08 PM) [CONFIG] - RANDVF: None
[INFO] (2024/06/10 05:14:08 PM) [CONFIG] - RANDJIT: 0.5
[INFO] (2024/06/10 05:14:08 PM) [CONFIG] - SPLIT_TYPE: patho
[INFO] (2024/06/10 05:14:08 PM) [CONFIG] - MINCLS: 2
[INFO] (2024/06/10 05:14:08 PM) [CONFIG] - CNCNTRTN: 0.2
[INFO] (2024/06/10 05:14:08 PM) [CONFIG] - MODEL_NAME: TwoNN
[INFO] (2024/06/10 05:14:08 PM) [CONFIG] - HIDDEN_SIZE: 200
[INFO] (2024/06/10 05:14:08 PM) [CONFIG] - DROPOUT: 0.1
[INFO] (2024/06/10 05:14:08 PM) [CONFIG] - USE_MODEL_TOKENIZER: False
[INFO] (2024/06/10 05:14:08 PM) [CONFIG] - USE_PT_MODEL: False
[INFO] (2024/06/10 05:14:08 PM) [CONFIG] - SEQ_LEN: 512
[INFO] (2024/06/10 05:14:08 PM) [CONFIG] - NUM_LAYERS: 2
[INFO] (2024/06/10 05:14:08 PM) [CONFIG] - NUM_EMBEDDINGS: 1000
[INFO] (2024/06/10 05:14:08 PM) [CONFIG] - EMBEDDING_SIZE: 512
[INFO] (2024/06/10 05:14:08 PM) [CONFIG] - INIT_TYPE: xavier
[INFO] (2024/06/10 05:14:08 PM) [CONFIG] - INIT_GAIN: 1.0
[INFO] (2024/06/10 05:14:08 PM) [CONFIG] - ALGORITHM: fedlex
[INFO] (2024/06/10 05:14:08 PM) [CONFIG] - EVAL_TYPE: both
[INFO] (2024/06/10 05:14:08 PM) [CONFIG] - EVAL_FRACTION: 1.0
[INFO] (2024/06/10 05:14:08 PM) [CONFIG] - EVAL_EVERY: 1
[INFO] (2024/06/10 05:14:08 PM) [CONFIG] - EVAL_METRICS: ['acc1', 'acc5', 'f1', 'precision', 'recall']
[INFO] (2024/06/10 05:14:08 PM) [CONFIG] - K: 10
[INFO] (2024/06/10 05:14:08 PM) [CONFIG] - R: 200
[INFO] (2024/06/10 05:14:08 PM) [CONFIG] - C: 0.2
[INFO] (2024/06/10 05:14:08 PM) [CONFIG] - E: 5
[INFO] (2024/06/10 05:14:08 PM) [CONFIG] - B: 350
[INFO] (2024/06/10 05:14:08 PM) [CONFIG] - BETA: 0.9
[INFO] (2024/06/10 05:14:08 PM) [CONFIG] - NO_SHUFFLE: False
[INFO] (2024/06/10 05:14:08 PM) [CONFIG] - OPTIMIZER: Adam
[INFO] (2024/06/10 05:14:08 PM) [CONFIG] - MAX_GRAD_NORM: 0.0
[INFO] (2024/06/10 05:14:08 PM) [CONFIG] - WEIGHT_DECAY: 0
[INFO] (2024/06/10 05:14:08 PM) [CONFIG] - MOMENTUM: 0.0
[INFO] (2024/06/10 05:14:08 PM) [CONFIG] - LR: 0.0003
[INFO] (2024/06/10 05:14:08 PM) [CONFIG] - LR_SERVER: 0.0003
[INFO] (2024/06/10 05:14:08 PM) [CONFIG] - LR_DECAY: 0.99
[INFO] (2024/06/10 05:14:08 PM) [CONFIG] - LR_DECAY_STEP: 1
[INFO] (2024/06/10 05:14:08 PM) [CONFIG] - CRITERION: CrossEntropyLoss
[INFO] (2024/06/10 05:14:08 PM) [CONFIG] - MU: 0.01
[INFO] (2024/06/10 05:14:08 PM) [CONFIG] - PATIENCE_MASK: 40
[INFO] (2024/06/10 05:14:08 PM) [CONFIG] - EPOOCHS_MASK: 1
[INFO] (2024/06/10 05:14:08 PM) [CONFIG] - PERC_CLIENTS_FOR_MASK: 1.0
[INFO] (2024/06/10 05:14:08 PM) [CONFIG] - GUIDENCE_NORMALIZATION: MinMax
[INFO] (2024/06/10 05:14:08 PM) [CONFIG] - BETA1: 0.9
[INFO] (2024/06/10 05:14:08 PM) [CONFIG] - TAU: 0.001
[INFO] (2024/06/10 05:14:08 PM) [CONFIG] - PLOT: False
[INFO] (2024/06/10 05:14:08 PM) [CONFIG] - IN_CHANNELS: 1
[INFO] (2024/06/10 05:14:08 PM) [CONFIG] - NUM_CLASSES: 10
[INFO] (2024/06/10 05:14:08 PM) [CONFIG] - _TRAIN_ONLY: False
[INFO] (2024/06/10 05:14:08 PM) [FEDLEX] [Round: 0000] Initialize a model!
[INFO] (2024/06/10 05:14:08 PM) [FEDLEX] [Round: 0000] ...sucessfully initialized the model (TwoNN; (Initialization type: XAVIER))!
[INFO] (2024/06/10 05:14:08 PM) Saving first version of model...
[INFO] (2024/06/10 05:14:08 PM) [FEDLEX] [Round: 0000] Create clients!
[INFO] (2024/06/10 05:14:15 PM) [FEDLEX] [Round: 0000] ...creating clients...  10% |██                  | [1     /10]
[INFO] (2024/06/10 05:14:20 PM) [FEDLEX] [Round: 0000] ...creating clients...  20% |████                | [2     /10]
[INFO] (2024/06/10 05:14:24 PM) [FEDLEX] [Round: 0000] ...creating clients...  30% |██████              | [3     /10]
[INFO] (2024/06/10 05:14:28 PM) [FEDLEX] [Round: 0000] ...creating clients...  40% |████████            | [4     /10]
[INFO] (2024/06/10 05:14:31 PM) [FEDLEX] [Round: 0000] ...creating clients...  50% |██████████          | [5     /10]
[INFO] (2024/06/10 05:14:35 PM) [FEDLEX] [Round: 0000] ...creating clients...  60% |████████████        | [6     /10]
[INFO] (2024/06/10 05:14:39 PM) [FEDLEX] [Round: 0000] ...creating clients...  70% |██████████████      | [7     /10]
[INFO] (2024/06/10 05:14:43 PM) [FEDLEX] [Round: 0000] ...creating clients...  80% |████████████████    | [8     /10]
[INFO] (2024/06/10 05:14:47 PM) [FEDLEX] [Round: 0000] ...creating clients...  90% |██████████████████  | [9     /10]
[INFO] (2024/06/10 05:14:51 PM) [FEDLEX] [Round: 0000] ...creating clients... 100% |████████████████████| [10    /10]
[INFO] (2024/06/10 05:14:51 PM) [FEDLEX] [Round: 0000] ...creating clients... 100% |████████████████████| [10    /10]
[INFO] (2024/06/10 05:14:51 PM) [FEDLEX] [Round: 0000] ...sucessfully created 10 clients!
[INFO] (2024/06/10 05:14:51 PM) [FEDLEX] [Round: 0001] Sample clients!
[INFO] (2024/06/10 05:14:51 PM) [FEDLEX] [Round: 0001] ...2 clients are selected!
[INFO] (2024/06/10 05:14:51 PM) [FEDLEX] [Round: 0001] Broadcast the global model at the server!
[INFO] (2024/06/10 05:14:51 PM) [FEDLEX] [Round: 0001] ...broadcasting server model... 100% |████████████████████| [2     /2]
[INFO] (2024/06/10 05:14:51 PM) [FEDLEX] [Round: 0001] ...sucessfully broadcasted the model to selected 2 clients!
[INFO] (2024/06/10 05:14:51 PM) [FEDLEX] [Round: 0001] Request updates to 2 clients!
[INFO] (2024/06/10 05:15:00 PM) [FEDLEX] [Round: 0001] ...update clients...  50% |██████████          | [1     /2]
[INFO] (2024/06/10 05:15:09 PM) [FEDLEX] [Round: 0001] ...update clients... 100% |████████████████████| [2     /2]
[INFO] (2024/06/10 05:15:09 PM) [FEDLEX] [Round: 0001] ...update clients... 100% |████████████████████| [2     /2]
[INFO] (2024/06/10 05:15:10 PM) [FEDLEX] [Round: 0001] [UPDATE] [CLIENT] < 000009 > | loss: 0.6579 | acc1: 0.9000 | acc5: 1.0000 | f1: 0.9001 | precision: 0.9002 | recall: 0.9000 
[INFO] (2024/06/10 05:15:10 PM) [FEDLEX] [Round: 0001] [UPDATE] [CLIENT] < 000002 > | loss: 2.6521 | acc1: 0.0000 | acc5: 0.8798 | f1: 0.0000 | precision: 0.0000 | recall: 0.0000 
[INFO] (2024/06/10 05:15:10 PM) [FEDLEX] [Round: 0001] [UPDATE] [SUMMARY] (2 clients):
    - Loss: Weighted Avg. (1.6727) | Equal Avg. (1.6550) | Std. (0.9971) |
    - Acc1: Weighted Avg. (0.4420) | Equal Avg. (0.4500) | Std. (0.4500) |
    - Acc5: Weighted Avg. (0.9388) | Equal Avg. (0.9399) | Std. (0.0601) |
    - F1: Weighted Avg. (0.4420) | Equal Avg. (0.4500) | Std. (0.4500) |
    - Precision: Weighted Avg. (0.4421) | Equal Avg. (0.4501) | Std. (0.4501) |
    - Recall: Weighted Avg. (0.4420) | Equal Avg. (0.4500) | Std. (0.4500) |
[INFO] (2024/06/10 05:15:10 PM) [FEDLEX] [Round: 0001] ...completed updates of 2 clients!
[INFO] (2024/06/10 05:15:10 PM) [FEDLEX] [Round: 0001] Request evaluation to 2 clients!
[INFO] (2024/06/10 05:15:11 PM) [FEDLEX] [Round: 0001] ...evaluate clients...  50% |██████████          | [1     /2]
[INFO] (2024/06/10 05:15:11 PM) [FEDLEX] [Round: 0001] ...evaluate clients... 100% |████████████████████| [2     /2]
[INFO] (2024/06/10 05:15:11 PM) [FEDLEX] [Round: 0001] ...evaluate clients... 100% |████████████████████| [2     /2]
[INFO] (2024/06/10 05:15:11 PM) [FEDLEX] [Round: 0001] [EVALUATE] [CLIENT] < 000009 > | loss: 0.6803 | acc1: 0.9007 | acc5: 1.0000 | f1: 0.9008 | precision: 0.9015 | recall: 0.9007 
[INFO] (2024/06/10 05:15:11 PM) [FEDLEX] [Round: 0001] [EVALUATE] [CLIENT] < 000002 > | loss: 2.6816 | acc1: 0.0000 | acc5: 0.8567 | f1: 0.0000 | precision: 0.0000 | recall: 0.0000 
[INFO] (2024/06/10 05:15:12 PM) [FEDLEX] [Round: 0001] [EVALUATE] [SUMMARY] (2 clients):
    - Loss: Weighted Avg. (1.6987) | Equal Avg. (1.6810) | Std. (1.0006) |
    - Acc1: Weighted Avg. (0.4424) | Equal Avg. (0.4504) | Std. (0.4504) |
    - Acc5: Weighted Avg. (0.9271) | Equal Avg. (0.9283) | Std. (0.0717) |
    - F1: Weighted Avg. (0.4424) | Equal Avg. (0.4504) | Std. (0.4504) |
    - Precision: Weighted Avg. (0.4428) | Equal Avg. (0.4507) | Std. (0.4507) |
    - Recall: Weighted Avg. (0.4424) | Equal Avg. (0.4504) | Std. (0.4504) |
[INFO] (2024/06/10 05:15:12 PM) [FEDLEX] [Round: 0001] ...completed evaluation of 2 clients!
[INFO] (2024/06/10 05:15:12 PM) [FEDLEX] [Round: 0001] Aggregate updated signals!
[INFO] (2024/06/10 05:15:12 PM) [FEDLEX] [Round: 0001] ...successfully aggregated into a new gloal model!
[INFO] (2024/06/10 05:15:12 PM) [FEDLEX] [Round: 0001] Clean up!
[INFO] (2024/06/10 05:15:12 PM) [FEDLEX] [Round: 0001] ...successfully cleaned up!
[INFO] (2024/06/10 05:15:12 PM) [FEDLEX] [Round: 0001] Sample clients!
[INFO] (2024/06/10 05:15:12 PM) [FEDLEX] [Round: 0001] ...8 clients are selected!
[INFO] (2024/06/10 05:15:12 PM) [FEDLEX] [Round: 0001] Broadcast the global model at the server!
[INFO] (2024/06/10 05:15:12 PM) [FEDLEX] [Round: 0001] ...broadcasting server model... 100% |████████████████████| [8     /8]
[INFO] (2024/06/10 05:15:12 PM) [FEDLEX] [Round: 0001] ...sucessfully broadcasted the model to selected 8 clients!
[INFO] (2024/06/10 05:15:12 PM) [FEDLEX] [Round: 0001] Request evaluation to 8 clients!
[INFO] (2024/06/10 05:15:13 PM) [FEDLEX] [Round: 0001] ...evaluate clients...  12% |██▌                 | [1     /8]
[INFO] (2024/06/10 05:15:13 PM) [FEDLEX] [Round: 0001] ...evaluate clients...  25% |█████               | [2     /8]
[INFO] (2024/06/10 05:15:13 PM) [FEDLEX] [Round: 0001] ...evaluate clients...  38% |███████▌            | [3     /8]
[INFO] (2024/06/10 05:15:14 PM) [FEDLEX] [Round: 0001] ...evaluate clients...  50% |██████████          | [4     /8]
[INFO] (2024/06/10 05:15:14 PM) [FEDLEX] [Round: 0001] ...evaluate clients...  62% |████████████▌       | [5     /8]
[INFO] (2024/06/10 05:15:15 PM) [FEDLEX] [Round: 0001] ...evaluate clients...  75% |███████████████     | [6     /8]
[INFO] (2024/06/10 05:15:15 PM) [FEDLEX] [Round: 0001] ...evaluate clients...  88% |█████████████████▌  | [7     /8]
[INFO] (2024/06/10 05:15:16 PM) [FEDLEX] [Round: 0001] ...evaluate clients... 100% |████████████████████| [8     /8]
[INFO] (2024/06/10 05:15:16 PM) [FEDLEX] [Round: 0001] ...evaluate clients... 100% |████████████████████| [8     /8]
[INFO] (2024/06/10 05:15:16 PM) [FEDLEX] [Round: 0001] [EVALUATE] [CLIENT] < 000008 > | loss: 2.5083 | acc1: 0.0000 | acc5: 0.9847 | f1: 0.0000 | precision: 0.0000 | recall: 0.0000 
[INFO] (2024/06/10 05:15:16 PM) [FEDLEX] [Round: 0001] [EVALUATE] [CLIENT] < 000007 > | loss: 2.7413 | acc1: 0.0000 | acc5: 0.9604 | f1: 0.0000 | precision: 0.0000 | recall: 0.0000 
[INFO] (2024/06/10 05:15:16 PM) [FEDLEX] [Round: 0001] [EVALUATE] [CLIENT] < 000006 > | loss: 2.9876 | acc1: 0.0000 | acc5: 0.8079 | f1: 0.0000 | precision: 0.0000 | recall: 0.0000 
[INFO] (2024/06/10 05:15:16 PM) [FEDLEX] [Round: 0001] [EVALUATE] [CLIENT] < 000005 > | loss: 2.2271 | acc1: 0.4251 | acc5: 0.8182 | f1: 0.3085 | precision: 0.2421 | recall: 0.4251 
[INFO] (2024/06/10 05:15:16 PM) [FEDLEX] [Round: 0001] [EVALUATE] [CLIENT] < 000004 > | loss: 4.3476 | acc1: 0.0000 | acc5: 0.3844 | f1: 0.0000 | precision: 0.0000 | recall: 0.0000 
[INFO] (2024/06/10 05:15:16 PM) [FEDLEX] [Round: 0001] [EVALUATE] [CLIENT] < 000003 > | loss: 3.5230 | acc1: 0.0000 | acc5: 0.5869 | f1: 0.0000 | precision: 0.0000 | recall: 0.0000 
[INFO] (2024/06/10 05:15:16 PM) [FEDLEX] [Round: 0001] [EVALUATE] [CLIENT] < 000001 > | loss: 3.7831 | acc1: 0.0000 | acc5: 0.5190 | f1: 0.0000 | precision: 0.0000 | recall: 0.0000 
[INFO] (2024/06/10 05:15:16 PM) [FEDLEX] [Round: 0001] [EVALUATE] [CLIENT] < 000000 > | loss: 2.6346 | acc1: 0.4512 | acc5: 0.5598 | f1: 0.4701 | precision: 0.4907 | recall: 0.4512 
[INFO] (2024/06/10 05:15:16 PM) [FEDLEX] [Round: 0001] [EVALUATE] [SUMMARY] (8 clients):
    - Loss: Weighted Avg. (3.1036) | Equal Avg. (3.0941) | Std. (0.6775) |
    - Acc1: Weighted Avg. (0.1061) | Equal Avg. (0.1095) | Std. (0.1898) |
    - Acc5: Weighted Avg. (0.7012) | Equal Avg. (0.7026) | Std. (0.2059) |
    - F1: Weighted Avg. (0.0945) | Equal Avg. (0.0973) | Std. (0.1734) |
    - Precision: Weighted Avg. (0.0891) | Equal Avg. (0.0916) | Std. (0.1704) |
    - Recall: Weighted Avg. (0.1061) | Equal Avg. (0.1095) | Std. (0.1898) |
[INFO] (2024/06/10 05:15:16 PM) [FEDLEX] [Round: 0001] ...completed evaluation of 8 clients!
[INFO] (2024/06/10 05:15:17 PM) [FEDLEX] [Round: 0001] [EVALUATE] [SERVER] | loss: 2.7422 | acc1: 0.1774 | acc5: 0.7721 | f1: 0.0636 | precision: 0.0397 | recall: 0.1774 
[INFO] (2024/06/10 05:15:17 PM) [FEDLEX] [Round: 0001] Clean up!
[INFO] (2024/06/10 05:15:17 PM) [FEDLEX] [Round: 0001] ...successfully cleaned up!
[INFO] (2024/06/10 05:15:17 PM) [FEDLEX] [Round: 0002] Sample clients!
[INFO] (2024/06/10 05:15:17 PM) [FEDLEX] [Round: 0002] ...2 clients are selected!
[INFO] (2024/06/10 05:15:17 PM) [FEDLEX] [Round: 0002] Broadcast the global model at the server!
[INFO] (2024/06/10 05:15:17 PM) [FEDLEX] [Round: 0002] ...broadcasting server model... 100% |████████████████████| [2     /2]
[INFO] (2024/06/10 05:15:17 PM) [FEDLEX] [Round: 0002] ...sucessfully broadcasted the model to selected 2 clients!
[INFO] (2024/06/10 05:15:17 PM) [FEDLEX] [Round: 0002] Request updates to 2 clients!
