[INFO] (2024/06/10 05:24:20 PM) [WELCOME] Initialize...
[INFO] (2024/06/10 05:24:20 PM) 
       _______ _______ ______  |       _____ \   /
       |______ |______ |     \ |      |_____  \ /
       |       |_______|_____/ |_____ |_____  / \ 
       |                                     /   \ 

                    Christian Interno´
       
[INFO] (2024/06/10 05:24:26 PM) [SEED] ...seed is set: 1718033060!
[INFO] (2024/06/10 05:24:26 PM) [LOAD] Fetch dataset!
[INFO] (2024/06/10 05:24:26 PM) [LOAD] [MNIST] Fetching dataset!
[INFO] (2024/06/10 05:24:26 PM) [LOAD] [MNIST] ...fetched dataset!
[INFO] (2024/06/10 05:24:26 PM) [LOAD] ...successfully fetched dataset!
[INFO] (2024/06/10 05:24:26 PM) [SIMULATE] Simulate dataset split (split scenario: `PATHO`)!
[INFO] (2024/06/10 05:24:26 PM) [SIMULATE] ...assigning to clients... 100% |████████████████████| [10    /10]
[INFO] (2024/06/10 05:24:28 PM) [SIMULATE] ...done simulating dataset split (split scenario: `PATHO`)!
[INFO] (2024/06/10 05:24:28 PM) [SIMULATE] Create client datasets!
[INFO] (2024/06/10 05:24:28 PM) [SIMULATE] ...creating client datasets... 100% |████████████████████| [10    /10]
[INFO] (2024/06/10 05:24:28 PM) [SIMULATE] ...successfully created client datasets!
[INFO] (2024/06/10 05:24:31 PM) [CONFIG] List up configurations...
[INFO] (2024/06/10 05:24:31 PM) [CONFIG] - EXP_NAME: _fedlex_1718033060_mnist_twonn_240610_172420
[INFO] (2024/06/10 05:24:31 PM) [CONFIG] - SEED: 1718033060
[INFO] (2024/06/10 05:24:31 PM) [CONFIG] - DEVICE: cuda
[INFO] (2024/06/10 05:24:31 PM) [CONFIG] - DEVICE_IDS: []
[INFO] (2024/06/10 05:24:31 PM) [CONFIG] - DATA_PATH: ./data
[INFO] (2024/06/10 05:24:31 PM) [CONFIG] - LOG_PATH: ./log
[INFO] (2024/06/10 05:24:31 PM) [CONFIG] - RESULT_PATH: ./result_paper/10K/Patho/MNIST/TwoNN/fedlex/_fedlex_1718033060_mnist_twonn_240610_172420
[INFO] (2024/06/10 05:24:31 PM) [CONFIG] - USE_TB: False
[INFO] (2024/06/10 05:24:31 PM) [CONFIG] - TB_PORT: 6006
[INFO] (2024/06/10 05:24:31 PM) [CONFIG] - TB_HOST: 0.0.0.0
[INFO] (2024/06/10 05:24:31 PM) [CONFIG] - DATASET: MNIST
[INFO] (2024/06/10 05:24:31 PM) [CONFIG] - TEST_FRACTION: 0.2
[INFO] (2024/06/10 05:24:31 PM) [CONFIG] - RAWSMPL: 1.0
[INFO] (2024/06/10 05:24:31 PM) [CONFIG] - RESIZE: 24
[INFO] (2024/06/10 05:24:31 PM) [CONFIG] - IMNORM: False
[INFO] (2024/06/10 05:24:31 PM) [CONFIG] - RANDROT: None
[INFO] (2024/06/10 05:24:31 PM) [CONFIG] - RANDHF: 0.5
[INFO] (2024/06/10 05:24:31 PM) [CONFIG] - RANDVF: None
[INFO] (2024/06/10 05:24:31 PM) [CONFIG] - RANDJIT: 0.5
[INFO] (2024/06/10 05:24:31 PM) [CONFIG] - SPLIT_TYPE: patho
[INFO] (2024/06/10 05:24:31 PM) [CONFIG] - MINCLS: 2
[INFO] (2024/06/10 05:24:31 PM) [CONFIG] - CNCNTRTN: 0.2
[INFO] (2024/06/10 05:24:31 PM) [CONFIG] - MODEL_NAME: TwoNN
[INFO] (2024/06/10 05:24:31 PM) [CONFIG] - HIDDEN_SIZE: 200
[INFO] (2024/06/10 05:24:31 PM) [CONFIG] - DROPOUT: 0.1
[INFO] (2024/06/10 05:24:31 PM) [CONFIG] - USE_MODEL_TOKENIZER: False
[INFO] (2024/06/10 05:24:31 PM) [CONFIG] - USE_PT_MODEL: False
[INFO] (2024/06/10 05:24:31 PM) [CONFIG] - SEQ_LEN: 512
[INFO] (2024/06/10 05:24:31 PM) [CONFIG] - NUM_LAYERS: 2
[INFO] (2024/06/10 05:24:31 PM) [CONFIG] - NUM_EMBEDDINGS: 1000
[INFO] (2024/06/10 05:24:31 PM) [CONFIG] - EMBEDDING_SIZE: 512
[INFO] (2024/06/10 05:24:31 PM) [CONFIG] - INIT_TYPE: xavier
[INFO] (2024/06/10 05:24:31 PM) [CONFIG] - INIT_GAIN: 1.0
[INFO] (2024/06/10 05:24:31 PM) [CONFIG] - ALGORITHM: fedlex
[INFO] (2024/06/10 05:24:31 PM) [CONFIG] - EVAL_TYPE: both
[INFO] (2024/06/10 05:24:31 PM) [CONFIG] - EVAL_FRACTION: 1.0
[INFO] (2024/06/10 05:24:31 PM) [CONFIG] - EVAL_EVERY: 1
[INFO] (2024/06/10 05:24:31 PM) [CONFIG] - EVAL_METRICS: ['acc1', 'acc5', 'f1', 'precision', 'recall']
[INFO] (2024/06/10 05:24:31 PM) [CONFIG] - K: 10
[INFO] (2024/06/10 05:24:31 PM) [CONFIG] - R: 200
[INFO] (2024/06/10 05:24:31 PM) [CONFIG] - C: 0.2
[INFO] (2024/06/10 05:24:31 PM) [CONFIG] - E: 5
[INFO] (2024/06/10 05:24:31 PM) [CONFIG] - B: 350
[INFO] (2024/06/10 05:24:31 PM) [CONFIG] - BETA: 0.9
[INFO] (2024/06/10 05:24:31 PM) [CONFIG] - NO_SHUFFLE: False
[INFO] (2024/06/10 05:24:31 PM) [CONFIG] - OPTIMIZER: Adam
[INFO] (2024/06/10 05:24:31 PM) [CONFIG] - MAX_GRAD_NORM: 0.0
[INFO] (2024/06/10 05:24:31 PM) [CONFIG] - WEIGHT_DECAY: 0
[INFO] (2024/06/10 05:24:31 PM) [CONFIG] - MOMENTUM: 0.0
[INFO] (2024/06/10 05:24:31 PM) [CONFIG] - LR: 0.0003
[INFO] (2024/06/10 05:24:31 PM) [CONFIG] - LR_SERVER: 0.0003
[INFO] (2024/06/10 05:24:31 PM) [CONFIG] - LR_DECAY: 0.99
[INFO] (2024/06/10 05:24:31 PM) [CONFIG] - LR_DECAY_STEP: 1
[INFO] (2024/06/10 05:24:31 PM) [CONFIG] - CRITERION: CrossEntropyLoss
[INFO] (2024/06/10 05:24:31 PM) [CONFIG] - MU: 0.01
[INFO] (2024/06/10 05:24:31 PM) [CONFIG] - PATIENCE_MASK: 40
[INFO] (2024/06/10 05:24:31 PM) [CONFIG] - EPOOCHS_MASK: 1
[INFO] (2024/06/10 05:24:31 PM) [CONFIG] - PERC_CLIENTS_FOR_MASK: 0.1
[INFO] (2024/06/10 05:24:31 PM) [CONFIG] - GUIDENCE_NORMALIZATION: MinMax
[INFO] (2024/06/10 05:24:31 PM) [CONFIG] - BETA1: 0.9
[INFO] (2024/06/10 05:24:31 PM) [CONFIG] - TAU: 0.001
[INFO] (2024/06/10 05:24:31 PM) [CONFIG] - PLOT: False
[INFO] (2024/06/10 05:24:31 PM) [CONFIG] - IN_CHANNELS: 1
[INFO] (2024/06/10 05:24:31 PM) [CONFIG] - NUM_CLASSES: 10
[INFO] (2024/06/10 05:24:31 PM) [CONFIG] - _TRAIN_ONLY: False
[INFO] (2024/06/10 05:24:31 PM) [FEDLEX] [Round: 0000] Initialize a model!
[INFO] (2024/06/10 05:24:31 PM) [FEDLEX] [Round: 0000] ...sucessfully initialized the model (TwoNN; (Initialization type: XAVIER))!
[INFO] (2024/06/10 05:24:31 PM) Saving first version of model...
[INFO] (2024/06/10 05:24:31 PM) [FEDLEX] [Round: 0000] Create clients!
[INFO] (2024/06/10 05:24:38 PM) [FEDLEX] [Round: 0000] ...creating clients...  70% |██████████████      | [7     /10]
[INFO] (2024/06/10 05:24:38 PM) [FEDLEX] [Round: 0000] ...creating clients... 100% |████████████████████| [10    /10]
[INFO] (2024/06/10 05:24:38 PM) [FEDLEX] [Round: 0000] ...sucessfully created 10 clients!
[INFO] (2024/06/10 05:24:38 PM) [FEDLEX] [Round: 0001] Sample clients!
[INFO] (2024/06/10 05:24:38 PM) [FEDLEX] [Round: 0001] ...2 clients are selected!
[INFO] (2024/06/10 05:24:38 PM) [FEDLEX] [Round: 0001] Broadcast the global model at the server!
[INFO] (2024/06/10 05:24:38 PM) [FEDLEX] [Round: 0001] ...broadcasting server model... 100% |████████████████████| [2     /2]
[INFO] (2024/06/10 05:24:38 PM) [FEDLEX] [Round: 0001] ...sucessfully broadcasted the model to selected 2 clients!
[INFO] (2024/06/10 05:24:38 PM) [FEDLEX] [Round: 0001] Request updates to 2 clients!
[INFO] (2024/06/10 05:24:49 PM) [FEDLEX] [Round: 0001] ...update clients...  50% |██████████          | [1     /2]
[INFO] (2024/06/10 05:24:58 PM) [FEDLEX] [Round: 0001] ...update clients... 100% |████████████████████| [2     /2]
[INFO] (2024/06/10 05:24:58 PM) [FEDLEX] [Round: 0001] ...update clients... 100% |████████████████████| [2     /2]
[INFO] (2024/06/10 05:24:58 PM) [FEDLEX] [Round: 0001] [UPDATE] [CLIENT] < 000006 > | loss: 0.3907 | acc1: 0.9575 | acc5: 1.0000 | f1: 0.9575 | precision: 0.9576 | recall: 0.9575 
[INFO] (2024/06/10 05:24:58 PM) [FEDLEX] [Round: 0001] [UPDATE] [CLIENT] < 000001 > | loss: 3.7531 | acc1: 0.0000 | acc5: 0.7088 | f1: 0.0000 | precision: 0.0000 | recall: 0.0000 
[INFO] (2024/06/10 05:24:58 PM) [FEDLEX] [Round: 0001] [UPDATE] [SUMMARY] (2 clients):
    - Loss: Weighted Avg. (2.1872) | Equal Avg. (2.0719) | Std. (1.6812) |
    - Acc1: Weighted Avg. (0.4459) | Equal Avg. (0.4788) | Std. (0.4788) |
    - Acc5: Weighted Avg. (0.8444) | Equal Avg. (0.8544) | Std. (0.1456) |
    - F1: Weighted Avg. (0.4459) | Equal Avg. (0.4788) | Std. (0.4788) |
    - Precision: Weighted Avg. (0.4460) | Equal Avg. (0.4788) | Std. (0.4788) |
    - Recall: Weighted Avg. (0.4459) | Equal Avg. (0.4788) | Std. (0.4788) |
[INFO] (2024/06/10 05:24:58 PM) [FEDLEX] [Round: 0001] ...completed updates of 2 clients!
[INFO] (2024/06/10 05:24:58 PM) [FEDLEX] [Round: 0001] Request evaluation to 2 clients!
[INFO] (2024/06/10 05:24:59 PM) [FEDLEX] [Round: 0001] ...evaluate clients...  50% |██████████          | [1     /2]
[INFO] (2024/06/10 05:24:59 PM) [FEDLEX] [Round: 0001] ...evaluate clients... 100% |████████████████████| [2     /2]
[INFO] (2024/06/10 05:24:59 PM) [FEDLEX] [Round: 0001] ...evaluate clients... 100% |████████████████████| [2     /2]
[INFO] (2024/06/10 05:24:59 PM) [FEDLEX] [Round: 0001] [EVALUATE] [CLIENT] < 000006 > | loss: 0.3936 | acc1: 0.9497 | acc5: 1.0000 | f1: 0.9497 | precision: 0.9500 | recall: 0.9497 
[INFO] (2024/06/10 05:24:59 PM) [FEDLEX] [Round: 0001] [EVALUATE] [CLIENT] < 000001 > | loss: 3.7502 | acc1: 0.0000 | acc5: 0.7008 | f1: 0.0000 | precision: 0.0000 | recall: 0.0000 
[INFO] (2024/06/10 05:24:59 PM) [FEDLEX] [Round: 0001] [EVALUATE] [SUMMARY] (2 clients):
    - Loss: Weighted Avg. (2.1871) | Equal Avg. (2.0719) | Std. (1.6783) |
    - Acc1: Weighted Avg. (0.4423) | Equal Avg. (0.4748) | Std. (0.4748) |
    - Acc5: Weighted Avg. (0.8401) | Equal Avg. (0.8504) | Std. (0.1496) |
    - F1: Weighted Avg. (0.4422) | Equal Avg. (0.4748) | Std. (0.4748) |
    - Precision: Weighted Avg. (0.4424) | Equal Avg. (0.4750) | Std. (0.4750) |
    - Recall: Weighted Avg. (0.4423) | Equal Avg. (0.4748) | Std. (0.4748) |
[INFO] (2024/06/10 05:24:59 PM) [FEDLEX] [Round: 0001] ...completed evaluation of 2 clients!
[INFO] (2024/06/10 05:24:59 PM) [FEDLEX] [Round: 0001] Aggregate updated signals!
[INFO] (2024/06/10 05:24:59 PM) [FEDLEX] [Round: 0001] ...successfully aggregated into a new gloal model!
[INFO] (2024/06/10 05:24:59 PM) [FEDLEX] [Round: 0001] Clean up!
[INFO] (2024/06/10 05:24:59 PM) [FEDLEX] [Round: 0001] ...successfully cleaned up!
[INFO] (2024/06/10 05:25:00 PM) [FEDLEX] [Round: 0001] Sample clients!
[INFO] (2024/06/10 05:25:00 PM) [FEDLEX] [Round: 0001] ...8 clients are selected!
[INFO] (2024/06/10 05:25:00 PM) [FEDLEX] [Round: 0001] Broadcast the global model at the server!
[INFO] (2024/06/10 05:25:00 PM) [FEDLEX] [Round: 0001] ...broadcasting server model... 100% |████████████████████| [8     /8]
[INFO] (2024/06/10 05:25:00 PM) [FEDLEX] [Round: 0001] ...sucessfully broadcasted the model to selected 8 clients!
[INFO] (2024/06/10 05:25:00 PM) [FEDLEX] [Round: 0001] Request evaluation to 8 clients!
[INFO] (2024/06/10 05:25:00 PM) [FEDLEX] [Round: 0001] ...evaluate clients...  12% |██▌                 | [1     /8]
[INFO] (2024/06/10 05:25:01 PM) [FEDLEX] [Round: 0001] ...evaluate clients...  25% |█████               | [2     /8]
[INFO] (2024/06/10 05:25:01 PM) [FEDLEX] [Round: 0001] ...evaluate clients...  38% |███████▌            | [3     /8]
[INFO] (2024/06/10 05:25:01 PM) [FEDLEX] [Round: 0001] ...evaluate clients...  50% |██████████          | [4     /8]
[INFO] (2024/06/10 05:25:02 PM) [FEDLEX] [Round: 0001] ...evaluate clients...  62% |████████████▌       | [5     /8]
[INFO] (2024/06/10 05:25:02 PM) [FEDLEX] [Round: 0001] ...evaluate clients...  75% |███████████████     | [6     /8]
[INFO] (2024/06/10 05:25:03 PM) [FEDLEX] [Round: 0001] ...evaluate clients...  88% |█████████████████▌  | [7     /8]
[INFO] (2024/06/10 05:25:03 PM) [FEDLEX] [Round: 0001] ...evaluate clients... 100% |████████████████████| [8     /8]
[INFO] (2024/06/10 05:25:03 PM) [FEDLEX] [Round: 0001] ...evaluate clients... 100% |████████████████████| [8     /8]
[INFO] (2024/06/10 05:25:03 PM) [FEDLEX] [Round: 0001] [EVALUATE] [CLIENT] < 000009 > | loss: 3.0896 | acc1: 0.4445 | acc5: 0.4685 | f1: 0.2904 | precision: 0.2157 | recall: 0.4445 
[INFO] (2024/06/10 05:25:03 PM) [FEDLEX] [Round: 0001] [EVALUATE] [CLIENT] < 000008 > | loss: 2.4328 | acc1: 0.5026 | acc5: 0.5697 | f1: 0.4002 | precision: 0.3325 | recall: 0.5026 
[INFO] (2024/06/10 05:25:03 PM) [FEDLEX] [Round: 0001] [EVALUATE] [CLIENT] < 000007 > | loss: 4.0900 | acc1: 0.0000 | acc5: 0.2616 | f1: 0.0000 | precision: 0.0000 | recall: 0.0000 
[INFO] (2024/06/10 05:25:03 PM) [FEDLEX] [Round: 0001] [EVALUATE] [CLIENT] < 000005 > | loss: 5.2677 | acc1: 0.0000 | acc5: 0.0250 | f1: 0.0000 | precision: 0.0000 | recall: 0.0000 
[INFO] (2024/06/10 05:25:03 PM) [FEDLEX] [Round: 0001] [EVALUATE] [CLIENT] < 000004 > | loss: 5.3804 | acc1: 0.0000 | acc5: 0.0795 | f1: 0.0000 | precision: 0.0000 | recall: 0.0000 
[INFO] (2024/06/10 05:25:03 PM) [FEDLEX] [Round: 0001] [EVALUATE] [CLIENT] < 000003 > | loss: 4.7035 | acc1: 0.0000 | acc5: 0.8933 | f1: 0.0000 | precision: 0.0000 | recall: 0.0000 
[INFO] (2024/06/10 05:25:03 PM) [FEDLEX] [Round: 0001] [EVALUATE] [CLIENT] < 000002 > | loss: 5.1890 | acc1: 0.0000 | acc5: 0.0597 | f1: 0.0000 | precision: 0.0000 | recall: 0.0000 
[INFO] (2024/06/10 05:25:03 PM) [FEDLEX] [Round: 0001] [EVALUATE] [CLIENT] < 000000 > | loss: 5.0580 | acc1: 0.0000 | acc5: 0.4379 | f1: 0.0000 | precision: 0.0000 | recall: 0.0000 
[INFO] (2024/06/10 05:25:03 PM) [FEDLEX] [Round: 0001] [EVALUATE] [SUMMARY] (8 clients):
    - Loss: Weighted Avg. (4.4128) | Equal Avg. (4.4014) | Std. (1.0335) |
    - Acc1: Weighted Avg. (0.1142) | Equal Avg. (0.1184) | Std. (0.2056) |
    - Acc5: Weighted Avg. (0.3483) | Equal Avg. (0.3494) | Std. (0.2820) |
    - F1: Weighted Avg. (0.0835) | Equal Avg. (0.0863) | Std. (0.1520) |
    - Precision: Weighted Avg. (0.0663) | Equal Avg. (0.0685) | Std. (0.1222) |
    - Recall: Weighted Avg. (0.1142) | Equal Avg. (0.1184) | Std. (0.2056) |
[INFO] (2024/06/10 05:25:03 PM) [FEDLEX] [Round: 0001] ...completed evaluation of 8 clients!
[INFO] (2024/06/10 05:25:04 PM) [FEDLEX] [Round: 0001] [EVALUATE] [SERVER] | loss: 4.1176 | acc1: 0.1770 | acc5: 0.4158 | f1: 0.0628 | precision: 0.0393 | recall: 0.1770 
[INFO] (2024/06/10 05:25:04 PM) [FEDLEX] [Round: 0001] Clean up!
[INFO] (2024/06/10 05:25:04 PM) [FEDLEX] [Round: 0001] ...successfully cleaned up!
[INFO] (2024/06/10 05:25:05 PM) [FEDLEX] [Round: 0002] Sample clients!
[INFO] (2024/06/10 05:25:05 PM) [FEDLEX] [Round: 0002] ...2 clients are selected!
[INFO] (2024/06/10 05:25:05 PM) [FEDLEX] [Round: 0002] Broadcast the global model at the server!
[INFO] (2024/06/10 05:25:05 PM) [FEDLEX] [Round: 0002] ...broadcasting server model... 100% |████████████████████| [2     /2]
[INFO] (2024/06/10 05:25:05 PM) [FEDLEX] [Round: 0002] ...sucessfully broadcasted the model to selected 2 clients!
[INFO] (2024/06/10 05:25:05 PM) [FEDLEX] [Round: 0002] Request updates to 2 clients!
