[INFO] (2024/06/10 05:08:09 PM) [WELCOME] Initialize...
[INFO] (2024/06/10 05:08:09 PM) 
       _______ _______ ______  |       _____ \   /
       |______ |______ |     \ |      |_____  \ /
       |       |_______|_____/ |_____ |_____  / \ 
       |                                     /   \ 

                    Christian Interno´
       
[INFO] (2024/06/10 05:08:16 PM) [SEED] ...seed is set: 1718032089!
[INFO] (2024/06/10 05:08:16 PM) [LOAD] Fetch dataset!
[INFO] (2024/06/10 05:08:16 PM) [LOAD] [MNIST] Fetching dataset!
[INFO] (2024/06/10 05:08:16 PM) [LOAD] [MNIST] ...fetched dataset!
[INFO] (2024/06/10 05:08:16 PM) [LOAD] ...successfully fetched dataset!
[INFO] (2024/06/10 05:08:16 PM) [SIMULATE] Simulate dataset split (split scenario: `PATHO`)!
[INFO] (2024/06/10 05:08:16 PM) [SIMULATE] ...assigning to clients... 100% |████████████████████| [10    /10]
[INFO] (2024/06/10 05:08:18 PM) [SIMULATE] ...done simulating dataset split (split scenario: `PATHO`)!
[INFO] (2024/06/10 05:08:18 PM) [SIMULATE] Create client datasets!
[INFO] (2024/06/10 05:08:18 PM) [SIMULATE] ...creating client datasets... 100% |████████████████████| [10    /10]
[INFO] (2024/06/10 05:08:18 PM) [SIMULATE] ...successfully created client datasets!
[INFO] (2024/06/10 05:08:21 PM) [CONFIG] List up configurations...
[INFO] (2024/06/10 05:08:21 PM) [CONFIG] - EXP_NAME: _fedlex_1718032089_mnist_twonn_240610_170809
[INFO] (2024/06/10 05:08:21 PM) [CONFIG] - SEED: 1718032089
[INFO] (2024/06/10 05:08:21 PM) [CONFIG] - DEVICE: cuda
[INFO] (2024/06/10 05:08:21 PM) [CONFIG] - DEVICE_IDS: []
[INFO] (2024/06/10 05:08:21 PM) [CONFIG] - DATA_PATH: ./data
[INFO] (2024/06/10 05:08:21 PM) [CONFIG] - LOG_PATH: ./log
[INFO] (2024/06/10 05:08:21 PM) [CONFIG] - RESULT_PATH: ./result_paper/10K/Patho/MNIST/TwoNN/fedlex/_fedlex_1718032089_mnist_twonn_240610_170809
[INFO] (2024/06/10 05:08:21 PM) [CONFIG] - USE_TB: False
[INFO] (2024/06/10 05:08:21 PM) [CONFIG] - TB_PORT: 6006
[INFO] (2024/06/10 05:08:21 PM) [CONFIG] - TB_HOST: 0.0.0.0
[INFO] (2024/06/10 05:08:21 PM) [CONFIG] - DATASET: MNIST
[INFO] (2024/06/10 05:08:21 PM) [CONFIG] - TEST_FRACTION: 0.2
[INFO] (2024/06/10 05:08:21 PM) [CONFIG] - RAWSMPL: 1.0
[INFO] (2024/06/10 05:08:21 PM) [CONFIG] - RESIZE: 24
[INFO] (2024/06/10 05:08:21 PM) [CONFIG] - IMNORM: False
[INFO] (2024/06/10 05:08:21 PM) [CONFIG] - RANDROT: None
[INFO] (2024/06/10 05:08:21 PM) [CONFIG] - RANDHF: 0.5
[INFO] (2024/06/10 05:08:21 PM) [CONFIG] - RANDVF: None
[INFO] (2024/06/10 05:08:21 PM) [CONFIG] - RANDJIT: 0.5
[INFO] (2024/06/10 05:08:21 PM) [CONFIG] - SPLIT_TYPE: patho
[INFO] (2024/06/10 05:08:21 PM) [CONFIG] - MINCLS: 2
[INFO] (2024/06/10 05:08:21 PM) [CONFIG] - CNCNTRTN: 0.2
[INFO] (2024/06/10 05:08:21 PM) [CONFIG] - MODEL_NAME: TwoNN
[INFO] (2024/06/10 05:08:21 PM) [CONFIG] - HIDDEN_SIZE: 200
[INFO] (2024/06/10 05:08:21 PM) [CONFIG] - DROPOUT: 0.1
[INFO] (2024/06/10 05:08:21 PM) [CONFIG] - USE_MODEL_TOKENIZER: False
[INFO] (2024/06/10 05:08:21 PM) [CONFIG] - USE_PT_MODEL: False
[INFO] (2024/06/10 05:08:21 PM) [CONFIG] - SEQ_LEN: 512
[INFO] (2024/06/10 05:08:21 PM) [CONFIG] - NUM_LAYERS: 2
[INFO] (2024/06/10 05:08:21 PM) [CONFIG] - NUM_EMBEDDINGS: 1000
[INFO] (2024/06/10 05:08:21 PM) [CONFIG] - EMBEDDING_SIZE: 512
[INFO] (2024/06/10 05:08:21 PM) [CONFIG] - INIT_TYPE: xavier
[INFO] (2024/06/10 05:08:21 PM) [CONFIG] - INIT_GAIN: 1.0
[INFO] (2024/06/10 05:08:21 PM) [CONFIG] - ALGORITHM: fedlex
[INFO] (2024/06/10 05:08:21 PM) [CONFIG] - EVAL_TYPE: both
[INFO] (2024/06/10 05:08:21 PM) [CONFIG] - EVAL_FRACTION: 1.0
[INFO] (2024/06/10 05:08:21 PM) [CONFIG] - EVAL_EVERY: 1
[INFO] (2024/06/10 05:08:21 PM) [CONFIG] - EVAL_METRICS: ['acc1', 'acc5', 'f1', 'precision', 'recall']
[INFO] (2024/06/10 05:08:21 PM) [CONFIG] - K: 10
[INFO] (2024/06/10 05:08:21 PM) [CONFIG] - R: 200
[INFO] (2024/06/10 05:08:21 PM) [CONFIG] - C: 0.2
[INFO] (2024/06/10 05:08:21 PM) [CONFIG] - E: 5
[INFO] (2024/06/10 05:08:21 PM) [CONFIG] - B: 350
[INFO] (2024/06/10 05:08:21 PM) [CONFIG] - BETA: 0.9
[INFO] (2024/06/10 05:08:21 PM) [CONFIG] - NO_SHUFFLE: False
[INFO] (2024/06/10 05:08:21 PM) [CONFIG] - OPTIMIZER: Adam
[INFO] (2024/06/10 05:08:21 PM) [CONFIG] - MAX_GRAD_NORM: 0.0
[INFO] (2024/06/10 05:08:21 PM) [CONFIG] - WEIGHT_DECAY: 0
[INFO] (2024/06/10 05:08:21 PM) [CONFIG] - MOMENTUM: 0.0
[INFO] (2024/06/10 05:08:21 PM) [CONFIG] - LR: 0.0003
[INFO] (2024/06/10 05:08:21 PM) [CONFIG] - LR_SERVER: 0.0003
[INFO] (2024/06/10 05:08:21 PM) [CONFIG] - LR_DECAY: 0.99
[INFO] (2024/06/10 05:08:21 PM) [CONFIG] - LR_DECAY_STEP: 1
[INFO] (2024/06/10 05:08:21 PM) [CONFIG] - CRITERION: CrossEntropyLoss
[INFO] (2024/06/10 05:08:21 PM) [CONFIG] - MU: 0.01
[INFO] (2024/06/10 05:08:21 PM) [CONFIG] - PATIENCE_MASK: 40
[INFO] (2024/06/10 05:08:21 PM) [CONFIG] - EPOOCHS_MASK: 1
[INFO] (2024/06/10 05:08:21 PM) [CONFIG] - PERC_CLIENTS_FOR_MASK: 1.0
[INFO] (2024/06/10 05:08:21 PM) [CONFIG] - GUIDENCE_NORMALIZATION: MinMax
[INFO] (2024/06/10 05:08:21 PM) [CONFIG] - BETA1: 0.9
[INFO] (2024/06/10 05:08:21 PM) [CONFIG] - TAU: 0.001
[INFO] (2024/06/10 05:08:21 PM) [CONFIG] - PLOT: False
[INFO] (2024/06/10 05:08:21 PM) [CONFIG] - IN_CHANNELS: 1
[INFO] (2024/06/10 05:08:21 PM) [CONFIG] - NUM_CLASSES: 10
[INFO] (2024/06/10 05:08:21 PM) [CONFIG] - _TRAIN_ONLY: False
[INFO] (2024/06/10 05:08:21 PM) [FEDLEX] [Round: 0000] Initialize a model!
[INFO] (2024/06/10 05:08:21 PM) [FEDLEX] [Round: 0000] ...sucessfully initialized the model (TwoNN; (Initialization type: XAVIER))!
[INFO] (2024/06/10 05:08:21 PM) Saving first version of model...
[INFO] (2024/06/10 05:08:21 PM) [FEDLEX] [Round: 0000] Create clients!
[INFO] (2024/06/10 05:08:28 PM) [FEDLEX] [Round: 0000] ...creating clients...  10% |██                  | [1     /10]
[INFO] (2024/06/10 05:08:32 PM) [FEDLEX] [Round: 0000] ...creating clients...  20% |████                | [2     /10]
[INFO] (2024/06/10 05:08:36 PM) [FEDLEX] [Round: 0000] ...creating clients...  30% |██████              | [3     /10]
[INFO] (2024/06/10 05:08:41 PM) [FEDLEX] [Round: 0000] ...creating clients...  40% |████████            | [4     /10]
[INFO] (2024/06/10 05:08:46 PM) [FEDLEX] [Round: 0000] ...creating clients...  50% |██████████          | [5     /10]
[INFO] (2024/06/10 05:08:51 PM) [FEDLEX] [Round: 0000] ...creating clients...  60% |████████████        | [6     /10]
[INFO] (2024/06/10 05:08:55 PM) [FEDLEX] [Round: 0000] ...creating clients...  70% |██████████████      | [7     /10]
[INFO] (2024/06/10 05:09:00 PM) [FEDLEX] [Round: 0000] ...creating clients...  80% |████████████████    | [8     /10]
[INFO] (2024/06/10 05:09:04 PM) [FEDLEX] [Round: 0000] ...creating clients...  90% |██████████████████  | [9     /10]
[INFO] (2024/06/10 05:09:09 PM) [FEDLEX] [Round: 0000] ...creating clients... 100% |████████████████████| [10    /10]
[INFO] (2024/06/10 05:09:09 PM) [FEDLEX] [Round: 0000] ...creating clients... 100% |████████████████████| [10    /10]
[INFO] (2024/06/10 05:09:09 PM) [FEDLEX] [Round: 0000] ...sucessfully created 10 clients!
[INFO] (2024/06/10 05:09:09 PM) [FEDLEX] [Round: 0001] Sample clients!
[INFO] (2024/06/10 05:09:09 PM) [FEDLEX] [Round: 0001] ...2 clients are selected!
[INFO] (2024/06/10 05:09:09 PM) [FEDLEX] [Round: 0001] Broadcast the global model at the server!
[INFO] (2024/06/10 05:09:09 PM) [FEDLEX] [Round: 0001] ...broadcasting server model... 100% |████████████████████| [2     /2]
[INFO] (2024/06/10 05:09:09 PM) [FEDLEX] [Round: 0001] ...sucessfully broadcasted the model to selected 2 clients!
[INFO] (2024/06/10 05:09:09 PM) [FEDLEX] [Round: 0001] Request updates to 2 clients!
[INFO] (2024/06/10 05:09:18 PM) [FEDLEX] [Round: 0001] ...update clients...  50% |██████████          | [1     /2]
[INFO] (2024/06/10 05:09:27 PM) [FEDLEX] [Round: 0001] ...update clients... 100% |████████████████████| [2     /2]
[INFO] (2024/06/10 05:09:27 PM) [FEDLEX] [Round: 0001] ...update clients... 100% |████████████████████| [2     /2]
[INFO] (2024/06/10 05:09:27 PM) [FEDLEX] [Round: 0001] [UPDATE] [CLIENT] < 000007 > | loss: 6.0221 | acc1: 0.0000 | acc5: 0.6609 | f1: 0.0000 | precision: 0.0000 | recall: 0.0000 
[INFO] (2024/06/10 05:09:27 PM) [FEDLEX] [Round: 0001] [UPDATE] [CLIENT] < 000000 > | loss: 6.8803 | acc1: 0.0000 | acc5: 0.4464 | f1: 0.0000 | precision: 0.0000 | recall: 0.0000 
[INFO] (2024/06/10 05:09:28 PM) [FEDLEX] [Round: 0001] [UPDATE] [SUMMARY] (2 clients):
    - Loss: Weighted Avg. (6.4679) | Equal Avg. (6.4512) | Std. (0.4291) |
    - Acc1: Weighted Avg. (0.0000) | Equal Avg. (0.0000) | Std. (0.0000) |
    - Acc5: Weighted Avg. (0.5495) | Equal Avg. (0.5536) | Std. (0.1072) |
    - F1: Weighted Avg. (0.0000) | Equal Avg. (0.0000) | Std. (0.0000) |
    - Precision: Weighted Avg. (0.0000) | Equal Avg. (0.0000) | Std. (0.0000) |
    - Recall: Weighted Avg. (0.0000) | Equal Avg. (0.0000) | Std. (0.0000) |
[INFO] (2024/06/10 05:09:28 PM) [FEDLEX] [Round: 0001] ...completed updates of 2 clients!
[INFO] (2024/06/10 05:09:28 PM) [FEDLEX] [Round: 0001] Request evaluation to 2 clients!
[INFO] (2024/06/10 05:09:29 PM) [FEDLEX] [Round: 0001] ...evaluate clients...  50% |██████████          | [1     /2]
[INFO] (2024/06/10 05:09:29 PM) [FEDLEX] [Round: 0001] ...evaluate clients... 100% |████████████████████| [2     /2]
[INFO] (2024/06/10 05:09:29 PM) [FEDLEX] [Round: 0001] ...evaluate clients... 100% |████████████████████| [2     /2]
[INFO] (2024/06/10 05:09:29 PM) [FEDLEX] [Round: 0001] [EVALUATE] [CLIENT] < 000007 > | loss: 6.0590 | acc1: 0.0000 | acc5: 0.6566 | f1: 0.0000 | precision: 0.0000 | recall: 0.0000 
[INFO] (2024/06/10 05:09:29 PM) [FEDLEX] [Round: 0001] [EVALUATE] [CLIENT] < 000000 > | loss: 6.8555 | acc1: 0.0000 | acc5: 0.4266 | f1: 0.0000 | precision: 0.0000 | recall: 0.0000 
[INFO] (2024/06/10 05:09:30 PM) [FEDLEX] [Round: 0001] [EVALUATE] [SUMMARY] (2 clients):
    - Loss: Weighted Avg. (6.4729) | Equal Avg. (6.4572) | Std. (0.3982) |
    - Acc1: Weighted Avg. (0.0000) | Equal Avg. (0.0000) | Std. (0.0000) |
    - Acc5: Weighted Avg. (0.5371) | Equal Avg. (0.5416) | Std. (0.1150) |
    - F1: Weighted Avg. (0.0000) | Equal Avg. (0.0000) | Std. (0.0000) |
    - Precision: Weighted Avg. (0.0000) | Equal Avg. (0.0000) | Std. (0.0000) |
    - Recall: Weighted Avg. (0.0000) | Equal Avg. (0.0000) | Std. (0.0000) |
[INFO] (2024/06/10 05:09:30 PM) [FEDLEX] [Round: 0001] ...completed evaluation of 2 clients!
[INFO] (2024/06/10 05:09:30 PM) [FEDLEX] [Round: 0001] Aggregate updated signals!
[INFO] (2024/06/10 05:09:30 PM) [FEDLEX] [Round: 0001] ...successfully aggregated into a new gloal model!
[INFO] (2024/06/10 05:09:30 PM) [FEDLEX] [Round: 0001] Clean up!
[INFO] (2024/06/10 05:09:30 PM) [FEDLEX] [Round: 0001] ...successfully cleaned up!
[INFO] (2024/06/10 05:09:30 PM) [FEDLEX] [Round: 0001] Sample clients!
[INFO] (2024/06/10 05:09:30 PM) [FEDLEX] [Round: 0001] ...8 clients are selected!
[INFO] (2024/06/10 05:09:30 PM) [FEDLEX] [Round: 0001] Broadcast the global model at the server!
[INFO] (2024/06/10 05:09:30 PM) [FEDLEX] [Round: 0001] ...broadcasting server model... 100% |████████████████████| [8     /8]
[INFO] (2024/06/10 05:09:30 PM) [FEDLEX] [Round: 0001] ...sucessfully broadcasted the model to selected 8 clients!
[INFO] (2024/06/10 05:09:30 PM) [FEDLEX] [Round: 0001] Request evaluation to 8 clients!
[INFO] (2024/06/10 05:09:30 PM) [FEDLEX] [Round: 0001] ...evaluate clients...  12% |██▌                 | [1     /8]
[INFO] (2024/06/10 05:09:31 PM) [FEDLEX] [Round: 0001] ...evaluate clients...  25% |█████               | [2     /8]
[INFO] (2024/06/10 05:09:31 PM) [FEDLEX] [Round: 0001] ...evaluate clients...  38% |███████▌            | [3     /8]
[INFO] (2024/06/10 05:09:32 PM) [FEDLEX] [Round: 0001] ...evaluate clients...  50% |██████████          | [4     /8]
[INFO] (2024/06/10 05:09:32 PM) [FEDLEX] [Round: 0001] ...evaluate clients...  62% |████████████▌       | [5     /8]
[INFO] (2024/06/10 05:09:33 PM) [FEDLEX] [Round: 0001] ...evaluate clients...  75% |███████████████     | [6     /8]
[INFO] (2024/06/10 05:09:33 PM) [FEDLEX] [Round: 0001] ...evaluate clients...  88% |█████████████████▌  | [7     /8]
[INFO] (2024/06/10 05:09:34 PM) [FEDLEX] [Round: 0001] ...evaluate clients... 100% |████████████████████| [8     /8]
[INFO] (2024/06/10 05:09:34 PM) [FEDLEX] [Round: 0001] ...evaluate clients... 100% |████████████████████| [8     /8]
[INFO] (2024/06/10 05:09:34 PM) [FEDLEX] [Round: 0001] [EVALUATE] [CLIENT] < 000009 > | loss: 0.1848 | acc1: 0.9882 | acc5: 1.0000 | f1: 0.9882 | precision: 0.9882 | recall: 0.9882 
[INFO] (2024/06/10 05:09:34 PM) [FEDLEX] [Round: 0001] [EVALUATE] [CLIENT] < 000008 > | loss: 2.6335 | acc1: 0.4842 | acc5: 0.9983 | f1: 0.3972 | precision: 0.3366 | recall: 0.4842 
[INFO] (2024/06/10 05:09:34 PM) [FEDLEX] [Round: 0001] [EVALUATE] [CLIENT] < 000006 > | loss: 3.4835 | acc1: 0.5157 | acc5: 0.6836 | f1: 0.3688 | precision: 0.2870 | recall: 0.5157 
[INFO] (2024/06/10 05:09:34 PM) [FEDLEX] [Round: 0001] [EVALUATE] [CLIENT] < 000005 > | loss: 5.1293 | acc1: 0.0000 | acc5: 0.9376 | f1: 0.0000 | precision: 0.0000 | recall: 0.0000 
[INFO] (2024/06/10 05:09:34 PM) [FEDLEX] [Round: 0001] [EVALUATE] [CLIENT] < 000004 > | loss: 5.3884 | acc1: 0.0000 | acc5: 0.9858 | f1: 0.0000 | precision: 0.0000 | recall: 0.0000 
[INFO] (2024/06/10 05:09:34 PM) [FEDLEX] [Round: 0001] [EVALUATE] [CLIENT] < 000003 > | loss: 4.1846 | acc1: 0.0000 | acc5: 0.9778 | f1: 0.0000 | precision: 0.0000 | recall: 0.0000 
[INFO] (2024/06/10 05:09:34 PM) [FEDLEX] [Round: 0001] [EVALUATE] [CLIENT] < 000002 > | loss: 7.1679 | acc1: 0.0000 | acc5: 0.0777 | f1: 0.0000 | precision: 0.0000 | recall: 0.0000 
[INFO] (2024/06/10 05:09:34 PM) [FEDLEX] [Round: 0001] [EVALUATE] [CLIENT] < 000001 > | loss: 6.5726 | acc1: 0.0000 | acc5: 0.5669 | f1: 0.0000 | precision: 0.0000 | recall: 0.0000 
[INFO] (2024/06/10 05:09:34 PM) [FEDLEX] [Round: 0001] [EVALUATE] [SUMMARY] (8 clients):
    - Loss: Weighted Avg. (4.3569) | Equal Avg. (4.3431) | Std. (2.1107) |
    - Acc1: Weighted Avg. (0.2449) | Equal Avg. (0.2485) | Std. (0.3505) |
    - Acc5: Weighted Avg. (0.7787) | Equal Avg. (0.7785) | Std. (0.3062) |
    - F1: Weighted Avg. (0.2161) | Equal Avg. (0.2193) | Std. (0.3327) |
    - Precision: Weighted Avg. (0.1985) | Equal Avg. (0.2015) | Std. (0.3255) |
    - Recall: Weighted Avg. (0.2449) | Equal Avg. (0.2485) | Std. (0.3505) |
[INFO] (2024/06/10 05:09:34 PM) [FEDLEX] [Round: 0001] ...completed evaluation of 8 clients!
[INFO] (2024/06/10 05:09:35 PM) [FEDLEX] [Round: 0001] [EVALUATE] [SERVER] | loss: 4.8505 | acc1: 0.1955 | acc5: 0.7366 | f1: 0.0647 | precision: 0.0389 | recall: 0.1955 
[INFO] (2024/06/10 05:09:35 PM) [FEDLEX] [Round: 0001] Clean up!
[INFO] (2024/06/10 05:09:35 PM) [FEDLEX] [Round: 0001] ...successfully cleaned up!
[INFO] (2024/06/10 05:09:36 PM) [FEDLEX] [Round: 0002] Sample clients!
[INFO] (2024/06/10 05:09:36 PM) [FEDLEX] [Round: 0002] ...2 clients are selected!
[INFO] (2024/06/10 05:09:36 PM) [FEDLEX] [Round: 0002] Broadcast the global model at the server!
[INFO] (2024/06/10 05:09:36 PM) [FEDLEX] [Round: 0002] ...broadcasting server model... 100% |████████████████████| [2     /2]
[INFO] (2024/06/10 05:09:36 PM) [FEDLEX] [Round: 0002] ...sucessfully broadcasted the model to selected 2 clients!
[INFO] (2024/06/10 05:09:36 PM) [FEDLEX] [Round: 0002] Request updates to 2 clients!
