[INFO] (2024/06/11 11:18:52 AM) [WELCOME] Initialize...
[INFO] (2024/06/11 11:18:52 AM) 
       _______ _______ ______  |       _____ \   /
       |______ |______ |     \ |      |_____  \ /
       |       |_______|_____/ |_____ |_____  / \ 
       |                                     /   \ 

                    Christian Interno´
       
[INFO] (2024/06/11 11:18:57 AM) [SEED] ...seed is set: 1718097531!
[INFO] (2024/06/11 11:18:57 AM) [LOAD] Fetch dataset!
[INFO] (2024/06/11 11:18:57 AM) [LOAD] [MNIST] Fetching dataset!
[INFO] (2024/06/11 11:18:57 AM) [LOAD] [MNIST] ...fetched dataset!
[INFO] (2024/06/11 11:18:57 AM) [LOAD] ...successfully fetched dataset!
[INFO] (2024/06/11 11:18:57 AM) [SIMULATE] Simulate dataset split (split scenario: `PATHO`)!
[INFO] (2024/06/11 11:18:57 AM) [SIMULATE] ...assigning to clients... 100% |████████████████████| [10    /10]
[INFO] (2024/06/11 11:18:59 AM) [SIMULATE] ...done simulating dataset split (split scenario: `PATHO`)!
[INFO] (2024/06/11 11:18:59 AM) [SIMULATE] Create client datasets!
[INFO] (2024/06/11 11:18:59 AM) [SIMULATE] ...creating client datasets... 100% |████████████████████| [10    /10]
[INFO] (2024/06/11 11:18:59 AM) [SIMULATE] ...successfully created client datasets!
[INFO] (2024/06/11 11:19:01 AM) [CONFIG] List up configurations...
[INFO] (2024/06/11 11:19:01 AM) [CONFIG] - EXP_NAME: _fedlex_1718097531_mnist_twonn_240611_111851
[INFO] (2024/06/11 11:19:01 AM) [CONFIG] - SEED: 1718097531
[INFO] (2024/06/11 11:19:01 AM) [CONFIG] - DEVICE: cuda
[INFO] (2024/06/11 11:19:01 AM) [CONFIG] - DEVICE_IDS: []
[INFO] (2024/06/11 11:19:01 AM) [CONFIG] - DATA_PATH: ./data
[INFO] (2024/06/11 11:19:01 AM) [CONFIG] - LOG_PATH: ./log
[INFO] (2024/06/11 11:19:01 AM) [CONFIG] - RESULT_PATH: ./result_paper/10K/Patho/MNIST/TwoNN/fedlex/_fedlex_1718097531_mnist_twonn_240611_111851
[INFO] (2024/06/11 11:19:01 AM) [CONFIG] - USE_TB: False
[INFO] (2024/06/11 11:19:01 AM) [CONFIG] - TB_PORT: 6006
[INFO] (2024/06/11 11:19:01 AM) [CONFIG] - TB_HOST: 0.0.0.0
[INFO] (2024/06/11 11:19:01 AM) [CONFIG] - DATASET: MNIST
[INFO] (2024/06/11 11:19:01 AM) [CONFIG] - TEST_FRACTION: 0.2
[INFO] (2024/06/11 11:19:01 AM) [CONFIG] - RAWSMPL: 1.0
[INFO] (2024/06/11 11:19:01 AM) [CONFIG] - RESIZE: 24
[INFO] (2024/06/11 11:19:01 AM) [CONFIG] - IMNORM: False
[INFO] (2024/06/11 11:19:01 AM) [CONFIG] - RANDROT: None
[INFO] (2024/06/11 11:19:01 AM) [CONFIG] - RANDHF: 0.5
[INFO] (2024/06/11 11:19:01 AM) [CONFIG] - RANDVF: None
[INFO] (2024/06/11 11:19:01 AM) [CONFIG] - RANDJIT: 0.5
[INFO] (2024/06/11 11:19:01 AM) [CONFIG] - SPLIT_TYPE: patho
[INFO] (2024/06/11 11:19:01 AM) [CONFIG] - MINCLS: 2
[INFO] (2024/06/11 11:19:01 AM) [CONFIG] - CNCNTRTN: 0.2
[INFO] (2024/06/11 11:19:01 AM) [CONFIG] - MODEL_NAME: TwoNN
[INFO] (2024/06/11 11:19:01 AM) [CONFIG] - HIDDEN_SIZE: 200
[INFO] (2024/06/11 11:19:01 AM) [CONFIG] - DROPOUT: 0.1
[INFO] (2024/06/11 11:19:01 AM) [CONFIG] - USE_MODEL_TOKENIZER: False
[INFO] (2024/06/11 11:19:01 AM) [CONFIG] - USE_PT_MODEL: False
[INFO] (2024/06/11 11:19:01 AM) [CONFIG] - SEQ_LEN: 512
[INFO] (2024/06/11 11:19:01 AM) [CONFIG] - NUM_LAYERS: 2
[INFO] (2024/06/11 11:19:01 AM) [CONFIG] - NUM_EMBEDDINGS: 1000
[INFO] (2024/06/11 11:19:01 AM) [CONFIG] - EMBEDDING_SIZE: 512
[INFO] (2024/06/11 11:19:01 AM) [CONFIG] - INIT_TYPE: xavier
[INFO] (2024/06/11 11:19:01 AM) [CONFIG] - INIT_GAIN: 1.0
[INFO] (2024/06/11 11:19:01 AM) [CONFIG] - ALGORITHM: fedlex
[INFO] (2024/06/11 11:19:01 AM) [CONFIG] - EVAL_TYPE: both
[INFO] (2024/06/11 11:19:01 AM) [CONFIG] - EVAL_FRACTION: 1.0
[INFO] (2024/06/11 11:19:01 AM) [CONFIG] - EVAL_EVERY: 1
[INFO] (2024/06/11 11:19:01 AM) [CONFIG] - EVAL_METRICS: ['acc1', 'acc5', 'f1', 'precision', 'recall']
[INFO] (2024/06/11 11:19:01 AM) [CONFIG] - K: 10
[INFO] (2024/06/11 11:19:01 AM) [CONFIG] - R: 10
[INFO] (2024/06/11 11:19:01 AM) [CONFIG] - C: 0.2
[INFO] (2024/06/11 11:19:01 AM) [CONFIG] - E: 5
[INFO] (2024/06/11 11:19:01 AM) [CONFIG] - B: 350
[INFO] (2024/06/11 11:19:01 AM) [CONFIG] - BETA: 0.9
[INFO] (2024/06/11 11:19:01 AM) [CONFIG] - NO_SHUFFLE: False
[INFO] (2024/06/11 11:19:01 AM) [CONFIG] - OPTIMIZER: Adam
[INFO] (2024/06/11 11:19:01 AM) [CONFIG] - MAX_GRAD_NORM: 0.0
[INFO] (2024/06/11 11:19:01 AM) [CONFIG] - WEIGHT_DECAY: 0
[INFO] (2024/06/11 11:19:01 AM) [CONFIG] - MOMENTUM: 0.0
[INFO] (2024/06/11 11:19:01 AM) [CONFIG] - LR: 0.0003
[INFO] (2024/06/11 11:19:01 AM) [CONFIG] - LR_SERVER: 0.0003
[INFO] (2024/06/11 11:19:01 AM) [CONFIG] - LR_DECAY: 0.99
[INFO] (2024/06/11 11:19:01 AM) [CONFIG] - LR_DECAY_STEP: 1
[INFO] (2024/06/11 11:19:01 AM) [CONFIG] - CRITERION: CrossEntropyLoss
[INFO] (2024/06/11 11:19:01 AM) [CONFIG] - MU: 0.01
[INFO] (2024/06/11 11:19:01 AM) [CONFIG] - PATIENCE_MASK: 40
[INFO] (2024/06/11 11:19:01 AM) [CONFIG] - EPOOCHS_MASK: 1
[INFO] (2024/06/11 11:19:01 AM) [CONFIG] - PERC_CLIENTS_FOR_MASK: 0.1
[INFO] (2024/06/11 11:19:01 AM) [CONFIG] - GUIDENCE_NORMALIZATION: MinMax
[INFO] (2024/06/11 11:19:01 AM) [CONFIG] - BETA1: 0.9
[INFO] (2024/06/11 11:19:01 AM) [CONFIG] - TAU: 0.001
[INFO] (2024/06/11 11:19:01 AM) [CONFIG] - PLOT: False
[INFO] (2024/06/11 11:19:01 AM) [CONFIG] - IN_CHANNELS: 1
[INFO] (2024/06/11 11:19:01 AM) [CONFIG] - NUM_CLASSES: 10
[INFO] (2024/06/11 11:19:01 AM) [CONFIG] - _TRAIN_ONLY: False
[INFO] (2024/06/11 11:19:01 AM) [FEDLEX] [Round: 0000] Initialize a model!
[INFO] (2024/06/11 11:19:01 AM) [FEDLEX] [Round: 0000] ...sucessfully initialized the model (TwoNN; (Initialization type: XAVIER))!
[INFO] (2024/06/11 11:19:01 AM) Saving first version of model...
[INFO] (2024/06/11 11:19:02 AM) [FEDLEX] [Round: 0000] Create clients!
